2023-03-10 08:13:55,007 INFO Set uid to user 0 succeeded
2023-03-10 08:13:55,017 INFO supervisord started with pid 1
2023-03-10 08:13:56,026 INFO spawned: 'messenger-consume' with pid 8
2023-03-10 08:13:57,039 INFO success: messenger-consume entered RUNNING state, process has stayed up for > than 1 seconds (startsecs)
2023-03-10 08:14:00,873 INFO exited: messenger-consume (exit status 1; not expected)
2023-03-10 08:14:01,882 INFO spawned: 'messenger-consume' with pid 11
2023-03-10 08:14:02,372 INFO exited: messenger-consume (exit status 1; not expected)
2023-03-10 08:14:03,379 INFO spawned: 'messenger-consume' with pid 14
2023-03-10 08:14:03,748 INFO exited: messenger-consume (exit status 1; not expected)
2023-03-10 08:14:05,758 INFO spawned: 'messenger-consume' with pid 17
2023-03-10 08:14:06,138 INFO exited: messenger-consume (exit status 1; not expected)
2023-03-10 08:14:09,154 INFO spawned: 'messenger-consume' with pid 20
2023-03-10 08:14:09,493 INFO exited: messenger-consume (exit status 1; not expected)
2023-03-10 08:14:10,500 INFO gave up: messenger-consume entered FATAL state, too many start retries too quickly
2023-03-10 08:14:11,518 WARN received SIGTERM indicating exit request
2023-03-10 08:18:58,263 INFO Set uid to user 0 succeeded
2023-03-10 08:18:58,272 INFO supervisord started with pid 1
2023-03-10 08:18:59,277 INFO spawned: 'messenger-consume' with pid 7
2023-03-10 08:19:00,297 INFO success: messenger-consume entered RUNNING state, process has stayed up for > than 1 seconds (startsecs)
2023-03-10 08:19:00,301 INFO exited: messenger-consume (exit status 1; not expected)
2023-03-10 08:19:01,317 INFO spawned: 'messenger-consume' with pid 10
2023-03-10 08:19:01,986 INFO exited: messenger-consume (exit status 1; not expected)
2023-03-10 08:19:02,998 INFO spawned: 'messenger-consume' with pid 13
2023-03-10 08:19:03,370 INFO exited: messenger-consume (exit status 1; not expected)
2023-03-10 08:19:05,389 INFO spawned: 'messenger-consume' with pid 16
2023-03-10 08:19:05,815 INFO exited: messenger-consume (exit status 1; not expected)
2023-03-10 08:19:08,835 INFO spawned: 'messenger-consume' with pid 19
2023-03-10 08:19:09,240 INFO exited: messenger-consume (exit status 1; not expected)
2023-03-10 08:19:10,242 INFO gave up: messenger-consume entered FATAL state, too many start retries too quickly
